2022-Dec-01 13:16:42 Наличие необходимых модулей php (check_php_modules): Ok
Все необходимые модули установлены
2022-Dec-01 13:16:43 Обязательные параметры PHP (check_php_settings): Ok
Настройки правильные
2022-Dec-01 13:16:43 Модули веб-сервера (check_security): Ok
Конфликтов не выявлено
2022-Dec-01 13:16:43 Значения переменных сервера (check_server_vars): Ok
Корректные
2022-Dec-01 13:16:43 Сохранение сессии (check_session): Ok
50% done
2022-Dec-01 13:16:43 Сохранение сессии (check_session): Ok
Успешно
2022-Dec-01 13:16:43 Параметры настройки UTF (mbstring и константа BX_UTF) (check_mbstring): Ok
Правильные. Сайт работает в UTF кодировке
2022-Dec-01 13:16:44 Служебные скрипты в корне сайта (check_install_scripts): Ok
Отсутствуют
2022-Dec-01 13:16:44 Работа с сокетами (check_socket): Ok
Connection to vert.ru:80	Success

Успешно
2022-Dec-01 13:16:44 Выполнение агентов на cron (check_bx_crontab): Warning
Замечание. Агенты выполняются на хитах, рекомендуется перевести выполнение агентов на cron
2022-Dec-01 13:16:44 Параметры подключения к базе данных (check_dbconn_settings): Ok
Успешно
2022-Dec-01 13:16:45 Лишний вывод в файлах конфигурации (check_dbconn): Ok
Connection to vert.ru:80	Success

Успешно
2022-Dec-01 13:16:45 Сохранение сессии без UserAgent (check_session_ua): Ok
50% done
Connection to vert.ru:80	Success

2022-Dec-01 13:16:45 Сохранение сессии без UserAgent (check_session_ua): Ok
Connection to vert.ru:80	Success

Успешно
2022-Dec-01 13:16:45 Настройки сайтов (check_sites): Ok
Правильные
2022-Dec-01 13:16:45 Передача объектов по ссылке (check_clone): Ok
Успешно
2022-Dec-01 13:16:46 Размер стека и pcre.recursion_limit (check_pcre_recursion): Ok
Connection to vert.ru:80	Success

Успешно
2022-Dec-01 13:16:46 Загрузка файла (check_upload): Ok
Connection to vert.ru:80	Success

Успешно
2022-Dec-01 13:16:46 Загрузка файла больше 4Мб (check_upload_big): Ok
Connection to vert.ru:80	Success

Успешно
2022-Dec-01 13:16:46 Загрузка файла через php://input (check_upload_raw): Ok
Connection to vert.ru:80	Success

Успешно
2022-Dec-01 13:16:46 Передача POST запроса с большим числом параметров (check_post): Ok
Connection to vert.ru:80	Success

Успешно
2022-Dec-01 13:16:47 Отправка почты (check_mail): Ok
Успешно
2022-Dec-01 13:16:47 Отправка почтового сообщения больше 64Кб (check_mail_big): Ok
Успешно
2022-Dec-01 13:16:47 Проверка на наличие неотправленных сообщений (check_mail_b_event): Ok
Успешно
2022-Dec-01 13:16:47 Внутреннее перенаправление (функция LocalRedirect) (check_localredirect): Ok
50% done
Connection to vert.ru:80	Success

2022-Dec-01 13:16:48 Внутреннее перенаправление (функция LocalRedirect) (check_localredirect): Ok
Connection to vert.ru:80	Success

Успешно
2022-Dec-01 13:16:48 Фактическое ограничение памяти (check_memory_limit): Ok
20% done
Connection to vert.ru:80	Success

2022-Dec-01 13:16:48 Фактическое ограничение памяти (check_memory_limit): Ok
40% done
Connection to vert.ru:80	Success

2022-Dec-01 13:16:48 Фактическое ограничение памяти (check_memory_limit): Ok
60% done
Connection to vert.ru:80	Success

2022-Dec-01 13:16:48 Фактическое ограничение памяти (check_memory_limit): Ok
80% done
Connection to vert.ru:80	Success

2022-Dec-01 13:16:49 Фактическое ограничение памяти (check_memory_limit): Ok
Connection to vert.ru:80	Success

Не менее 256 М
2022-Dec-01 13:16:49 Работа с файлами кеша (check_cache): Ok
Успешно
2022-Dec-01 13:16:49 Доступ к серверу обновлений (check_update): Ok
Успешно
2022-Dec-01 13:16:49 HTTP авторизация (check_http_auth): Ok
Connection to vert.ru:80	Success

Успешно
2022-Dec-01 13:16:50 Создание и запуск файла (check_exec): Ok
Connection to vert.ru:80	Success

Успешно
2022-Dec-01 13:16:50 Функция getimagesize для swf (check_getimagesize): Warning
Замечание. Вставка swf роликов может не работать
2022-Dec-01 13:16:50 Версия MySQL-сервера (check_mysql_bug_version): Ok
Успешно
2022-Dec-01 13:16:51 Время на БД и веб-сервере (check_mysql_time): Ok
Успешно
2022-Dec-01 13:16:51 Режим работы MySQL (check_mysql_mode): Ok
Успешно
2022-Dec-01 13:16:51 Кодировка соединения (check_mysql_connection_charset): Ok
character_set_connection=utf8, collation_connection=utf8_unicode_ci, character_set_results=utf8
Успешно
2022-Dec-01 13:16:51 Кодировка базы данных (check_mysql_db_charset): Ok
CHARSET=utf8, COLLATION=utf8_unicode_ci
Успешно
2022-Dec-01 13:16:52 Кодировки таблиц в БД (check_mysql_table_charset): Ok
Успешно
2022-Dec-01 13:16:52 Структура базы данных (check_mysql_table_structure): Ok
0% done
2022-Dec-01 13:16:53 Структура базы данных (check_mysql_table_structure): Ok
4% done
2022-Dec-01 13:16:53 Структура базы данных (check_mysql_table_structure): Ok
8% done
2022-Dec-01 13:16:54 Структура базы данных (check_mysql_table_structure): Ok
12% done
2022-Dec-01 13:16:54 Структура базы данных (check_mysql_table_structure): Ok
16% done
2022-Dec-01 13:16:55 Структура базы данных (check_mysql_table_structure): Ok
20% done
2022-Dec-01 13:16:56 Структура базы данных (check_mysql_table_structure): Ok
24% done
2022-Dec-01 13:16:56 Структура базы данных (check_mysql_table_structure): Ok
28% done
2022-Dec-01 13:16:57 Структура базы данных (check_mysql_table_structure): Ok
32% done
2022-Dec-01 13:16:59 Структура базы данных (check_mysql_table_structure): Ok
36% done
2022-Dec-01 13:17:05 Структура базы данных (check_mysql_table_structure): Ok
40% done
2022-Dec-01 13:17:05 Структура базы данных (check_mysql_table_structure): Ok
44% done
2022-Dec-01 13:17:06 Структура базы данных (check_mysql_table_structure): Ok
48% done
2022-Dec-01 13:17:06 Структура базы данных (check_mysql_table_structure): Ok
52% done
2022-Dec-01 13:17:06 Структура базы данных (check_mysql_table_structure): Ok
56% done
2022-Dec-01 13:17:07 Структура базы данных (check_mysql_table_structure): Ok
60% done
2022-Dec-01 13:17:07 Структура базы данных (check_mysql_table_structure): Ok
64% done
2022-Dec-01 13:17:08 Структура базы данных (check_mysql_table_structure): Ok
68% done
2022-Dec-01 13:17:08 Структура базы данных (check_mysql_table_structure): Ok
72% done
2022-Dec-01 13:17:09 Структура базы данных (check_mysql_table_structure): Ok
76% done
2022-Dec-01 13:17:10 Структура базы данных (check_mysql_table_structure): Ok
80% done
2022-Dec-01 13:17:10 Структура базы данных (check_mysql_table_structure): Ok
84% done
2022-Dec-01 13:17:11 Структура базы данных (check_mysql_table_structure): Ok
88% done
2022-Dec-01 13:17:11 Структура базы данных (check_mysql_table_structure): Ok
92% done
2022-Dec-01 13:17:11 Структура базы данных (check_mysql_table_structure): Ok
96% done
2022-Dec-01 13:17:12 Структура базы данных (check_mysql_table_structure): Ok
Успешно
